<?xml version="1.0" encoding="UTF-8"?>
<!-- Generated by org.testng.reporters.JUnitReportReporter -->
<testsuite hostname="rahul-B450M-DS3H-WIFI" name="android.automation.Loginflow" tests="2" failures="0" timestamp="8 May 2021 21:06:03 GMT" time="36.330" errors="0">
  <testcase name="OtpPage" time="24.659" classname="android.automation.Loginflow"/>
  <testcase name="Login" time="11.671" classname="android.automation.Loginflow"/>
</testsuite> <!-- android.automation.Loginflow -->
