<?xml version="1.0" encoding="UTF-8"?>
<!-- Generated by org.testng.reporters.JUnitReportReporter -->
<testsuite skipped="0" hostname="rahul-B450M-DS3H-WIFI" name="android.automation.Loginflow" tests="2" failures="0" timestamp="2021-05-08T16:30:12 EDT" time="35.652" errors="0">
  <testcase name="Login" time="11.880" classname="android.automation.Loginflow"/>
  <system-out/>
  <testcase name="OtpPage" time="23.772" classname="android.automation.Loginflow"/>
  <system-out/>
</testsuite> <!-- android.automation.Loginflow -->
